2012-03-26 06:27:10 EDTFATAL:  the database system is starting up
2012-03-26 06:27:10 EDTLOG:  database system was shut down at 2012-03-26 06:24:48 EDT
2012-03-26 06:27:11 EDTFATAL:  the database system is starting up
2012-03-26 06:27:11 EDTLOG:  database system is ready to accept connections
2012-03-26 06:27:11 EDTLOG:  autovacuum launcher started
2012-03-26 07:38:17 EDTWARNING:  pgstat wait timeout
2012-03-26 07:41:17 EDTWARNING:  pgstat wait timeout
2012-03-26 07:46:20 EDTWARNING:  pgstat wait timeout
2012-03-26 07:48:19 EDTWARNING:  pgstat wait timeout
2012-03-26 07:49:19 EDTWARNING:  pgstat wait timeout
2012-03-26 08:29:12 EDTWARNING:  worker took too long to start; cancelled
2012-03-26 08:31:12 EDTWARNING:  worker took too long to start; cancelled
2012-03-26 08:33:13 EDTWARNING:  worker took too long to start; cancelled
2012-03-26 08:35:13 EDTWARNING:  worker took too long to start; cancelled
2012-03-26 08:37:13 EDTWARNING:  worker took too long to start; cancelled
2012-03-26 08:39:13 EDTWARNING:  worker took too long to start; cancelled
2012-03-26 08:41:13 EDTWARNING:  worker took too long to start; cancelled
2012-03-26 08:43:13 EDTWARNING:  worker took too long to start; cancelled
2012-03-26 08:45:13 EDTWARNING:  worker took too long to start; cancelled
2012-03-26 08:47:13 EDTWARNING:  worker took too long to start; cancelled
2012-03-26 08:49:13 EDTWARNING:  worker took too long to start; cancelled
2012-03-26 08:51:13 EDTWARNING:  worker took too long to start; cancelled
2012-03-26 08:53:13 EDTWARNING:  worker took too long to start; cancelled
2012-03-26 08:55:13 EDTWARNING:  worker took too long to start; cancelled
2012-03-26 08:57:13 EDTWARNING:  worker took too long to start; cancelled
2012-03-26 08:59:13 EDTWARNING:  worker took too long to start; cancelled
2012-03-26 09:01:13 EDTWARNING:  worker took too long to start; cancelled
2012-03-26 09:03:13 EDTWARNING:  worker took too long to start; cancelled
2012-03-26 09:05:13 EDTWARNING:  worker took too long to start; cancelled
2012-03-26 09:07:13 EDTWARNING:  worker took too long to start; cancelled
2012-03-26 09:09:13 EDTWARNING:  worker took too long to start; cancelled
2012-03-26 09:11:13 EDTWARNING:  worker took too long to start; cancelled
2012-03-26 09:13:13 EDTWARNING:  worker took too long to start; cancelled
2012-03-26 09:15:13 EDTWARNING:  worker took too long to start; cancelled
2012-03-26 09:17:13 EDTWARNING:  worker took too long to start; cancelled
2012-03-26 09:19:13 EDTWARNING:  worker took too long to start; cancelled
2012-03-26 09:21:13 EDTWARNING:  worker took too long to start; cancelled
2012-03-26 09:23:13 EDTWARNING:  worker took too long to start; cancelled
2012-03-26 09:25:13 EDTWARNING:  worker took too long to start; cancelled
2012-03-26 09:27:13 EDTWARNING:  worker took too long to start; cancelled
2012-03-26 09:29:13 EDTWARNING:  worker took too long to start; cancelled
2012-03-26 09:31:13 EDTWARNING:  worker took too long to start; cancelled
2012-03-26 09:33:13 EDTWARNING:  worker took too long to start; cancelled
2012-03-26 09:35:13 EDTWARNING:  worker took too long to start; cancelled
2012-03-26 09:37:13 EDTWARNING:  worker took too long to start; cancelled
2012-03-26 09:39:13 EDTWARNING:  worker took too long to start; cancelled
2012-03-26 09:41:13 EDTWARNING:  worker took too long to start; cancelled
2012-03-26 09:43:13 EDTWARNING:  worker took too long to start; cancelled
2012-03-26 09:45:13 EDTWARNING:  worker took too long to start; cancelled
2012-03-26 09:47:13 EDTWARNING:  worker took too long to start; cancelled
2012-03-26 09:49:13 EDTWARNING:  worker took too long to start; cancelled
2012-03-26 09:51:13 EDTWARNING:  worker took too long to start; cancelled
2012-03-26 09:53:13 EDTWARNING:  worker took too long to start; cancelled
2012-03-26 09:55:13 EDTWARNING:  worker took too long to start; cancelled
2012-03-26 09:57:13 EDTWARNING:  worker took too long to start; cancelled
2012-03-26 09:59:13 EDTWARNING:  worker took too long to start; cancelled
2012-03-26 10:01:13 EDTWARNING:  worker took too long to start; cancelled
2012-03-26 10:03:13 EDTWARNING:  worker took too long to start; cancelled
2012-03-26 10:05:13 EDTWARNING:  worker took too long to start; cancelled
2012-03-26 10:07:13 EDTWARNING:  worker took too long to start; cancelled
2012-03-26 10:09:13 EDTWARNING:  worker took too long to start; cancelled
2012-03-26 10:11:13 EDTWARNING:  worker took too long to start; cancelled
2012-03-26 10:13:13 EDTWARNING:  worker took too long to start; cancelled
2012-03-26 10:15:13 EDTWARNING:  worker took too long to start; cancelled
2012-03-26 10:17:13 EDTWARNING:  worker took too long to start; cancelled
2012-03-26 10:19:13 EDTWARNING:  worker took too long to start; cancelled
2012-03-26 10:21:13 EDTWARNING:  worker took too long to start; cancelled
2012-03-26 10:23:13 EDTWARNING:  worker took too long to start; cancelled
2012-03-26 10:25:13 EDTWARNING:  worker took too long to start; cancelled
2012-03-26 10:27:14 EDTWARNING:  worker took too long to start; cancelled
2012-03-26 10:29:14 EDTWARNING:  worker took too long to start; cancelled
2012-03-26 10:31:14 EDTWARNING:  worker took too long to start; cancelled
2012-03-26 10:33:14 EDTWARNING:  worker took too long to start; cancelled
2012-03-26 10:35:14 EDTWARNING:  worker took too long to start; cancelled
2012-03-26 10:37:14 EDTWARNING:  worker took too long to start; cancelled
2012-03-26 10:39:14 EDTWARNING:  worker took too long to start; cancelled
2012-03-26 10:41:14 EDTWARNING:  worker took too long to start; cancelled
2012-03-26 10:43:14 EDTWARNING:  worker took too long to start; cancelled
2012-03-26 10:45:14 EDTWARNING:  worker took too long to start; cancelled
2012-03-26 10:47:14 EDTWARNING:  worker took too long to start; cancelled
2012-03-26 10:49:14 EDTWARNING:  worker took too long to start; cancelled
2012-03-26 10:51:14 EDTWARNING:  worker took too long to start; cancelled
2012-03-26 10:53:14 EDTWARNING:  worker took too long to start; cancelled
2012-03-26 10:55:14 EDTWARNING:  worker took too long to start; cancelled
2012-03-26 10:57:14 EDTWARNING:  worker took too long to start; cancelled
2012-03-26 10:59:14 EDTWARNING:  worker took too long to start; cancelled
2012-03-26 11:01:14 EDTWARNING:  worker took too long to start; cancelled
2012-03-26 11:03:14 EDTWARNING:  worker took too long to start; cancelled
2012-03-26 11:05:14 EDTWARNING:  worker took too long to start; cancelled
2012-03-26 11:07:14 EDTWARNING:  worker took too long to start; cancelled
2012-03-26 11:09:14 EDTWARNING:  worker took too long to start; cancelled
2012-03-26 11:11:14 EDTWARNING:  worker took too long to start; cancelled
2012-03-26 11:13:14 EDTWARNING:  worker took too long to start; cancelled
2012-03-26 11:15:14 EDTWARNING:  worker took too long to start; cancelled
2012-03-26 11:17:14 EDTWARNING:  worker took too long to start; cancelled
2012-03-26 11:19:14 EDTWARNING:  worker took too long to start; cancelled
2012-03-26 11:21:14 EDTWARNING:  worker took too long to start; cancelled
2012-03-26 11:23:14 EDTWARNING:  worker took too long to start; cancelled
2012-03-26 11:25:14 EDTWARNING:  worker took too long to start; cancelled
2012-03-26 11:27:14 EDTWARNING:  worker took too long to start; cancelled
2012-03-26 11:29:14 EDTWARNING:  worker took too long to start; cancelled
2012-03-26 11:31:14 EDTWARNING:  worker took too long to start; cancelled
2012-03-26 11:33:14 EDTWARNING:  worker took too long to start; cancelled
2012-03-26 11:35:14 EDTWARNING:  worker took too long to start; cancelled
2012-03-26 11:37:14 EDTWARNING:  worker took too long to start; cancelled
2012-03-26 11:39:14 EDTWARNING:  worker took too long to start; cancelled
2012-03-26 11:41:14 EDTWARNING:  worker took too long to start; cancelled
2012-03-26 11:43:14 EDTWARNING:  worker took too long to start; cancelled
2012-03-26 11:45:14 EDTWARNING:  worker took too long to start; cancelled
2012-03-26 11:47:14 EDTWARNING:  worker took too long to start; cancelled
2012-03-26 11:49:14 EDTWARNING:  worker took too long to start; cancelled
2012-03-26 11:51:14 EDTWARNING:  worker took too long to start; cancelled
2012-03-26 11:53:14 EDTWARNING:  worker took too long to start; cancelled
2012-03-26 11:55:14 EDTWARNING:  worker took too long to start; cancelled
2012-03-26 11:57:14 EDTWARNING:  worker took too long to start; cancelled
2012-03-26 11:59:14 EDTWARNING:  worker took too long to start; cancelled
2012-03-26 12:01:14 EDTWARNING:  worker took too long to start; cancelled
2012-03-26 12:03:14 EDTWARNING:  worker took too long to start; cancelled
2012-03-26 12:05:14 EDTWARNING:  worker took too long to start; cancelled
2012-03-26 12:07:14 EDTWARNING:  worker took too long to start; cancelled
2012-03-26 12:09:14 EDTWARNING:  worker took too long to start; cancelled
2012-03-26 12:11:14 EDTWARNING:  worker took too long to start; cancelled
2012-03-26 12:13:14 EDTWARNING:  worker took too long to start; cancelled
2012-03-26 12:15:14 EDTWARNING:  worker took too long to start; cancelled
2012-03-26 12:17:14 EDTWARNING:  worker took too long to start; cancelled
2012-03-26 12:19:15 EDTWARNING:  worker took too long to start; cancelled
2012-03-26 12:21:15 EDTWARNING:  worker took too long to start; cancelled
2012-03-26 12:23:15 EDTWARNING:  worker took too long to start; cancelled
2012-03-26 12:25:15 EDTWARNING:  worker took too long to start; cancelled
2012-03-26 12:27:15 EDTWARNING:  worker took too long to start; cancelled
2012-03-26 12:29:15 EDTWARNING:  worker took too long to start; cancelled
2012-03-26 12:31:15 EDTWARNING:  worker took too long to start; cancelled
2012-03-26 12:33:15 EDTWARNING:  worker took too long to start; cancelled
2012-03-26 12:35:15 EDTWARNING:  worker took too long to start; cancelled
2012-03-26 12:37:15 EDTWARNING:  worker took too long to start; cancelled
2012-03-26 12:39:15 EDTWARNING:  worker took too long to start; cancelled
2012-03-26 12:41:15 EDTWARNING:  worker took too long to start; cancelled
2012-03-26 12:43:15 EDTWARNING:  worker took too long to start; cancelled
2012-03-26 12:45:15 EDTWARNING:  worker took too long to start; cancelled
2012-03-26 12:47:15 EDTWARNING:  worker took too long to start; cancelled
2012-03-26 12:49:15 EDTWARNING:  worker took too long to start; cancelled
2012-03-26 12:51:15 EDTWARNING:  worker took too long to start; cancelled
2012-03-26 12:53:15 EDTWARNING:  worker took too long to start; cancelled
2012-03-26 12:55:15 EDTWARNING:  worker took too long to start; cancelled
2012-03-26 12:57:15 EDTWARNING:  worker took too long to start; cancelled
2012-03-26 12:59:15 EDTWARNING:  worker took too long to start; cancelled
2012-03-26 13:01:15 EDTWARNING:  worker took too long to start; cancelled
2012-03-26 13:03:15 EDTWARNING:  worker took too long to start; cancelled
2012-03-26 13:05:15 EDTWARNING:  worker took too long to start; cancelled
2012-03-26 13:07:15 EDTWARNING:  worker took too long to start; cancelled
2012-03-26 13:09:15 EDTWARNING:  worker took too long to start; cancelled
2012-03-26 13:11:15 EDTWARNING:  worker took too long to start; cancelled
2012-03-26 13:13:15 EDTWARNING:  worker took too long to start; cancelled
2012-03-26 13:15:15 EDTWARNING:  worker took too long to start; cancelled
2012-03-26 13:17:15 EDTWARNING:  worker took too long to start; cancelled
2012-03-26 13:19:15 EDTWARNING:  worker took too long to start; cancelled
2012-03-26 13:21:15 EDTWARNING:  worker took too long to start; cancelled
2012-03-26 13:23:15 EDTWARNING:  worker took too long to start; cancelled
2012-03-26 13:25:15 EDTWARNING:  worker took too long to start; cancelled
2012-03-26 13:27:15 EDTWARNING:  worker took too long to start; cancelled
2012-03-26 13:29:15 EDTWARNING:  worker took too long to start; cancelled
2012-03-26 13:31:15 EDTWARNING:  worker took too long to start; cancelled
2012-03-26 13:33:15 EDTWARNING:  worker took too long to start; cancelled
2012-03-26 13:35:15 EDTWARNING:  worker took too long to start; cancelled
2012-03-26 13:37:15 EDTWARNING:  worker took too long to start; cancelled
2012-03-26 13:39:15 EDTWARNING:  worker took too long to start; cancelled
2012-03-26 13:41:15 EDTWARNING:  worker took too long to start; cancelled
2012-03-26 13:43:15 EDTWARNING:  worker took too long to start; cancelled
2012-03-26 13:45:15 EDTWARNING:  worker took too long to start; cancelled
2012-03-26 13:47:15 EDTWARNING:  worker took too long to start; cancelled
2012-03-26 13:49:15 EDTWARNING:  worker took too long to start; cancelled
2012-03-26 13:51:15 EDTWARNING:  worker took too long to start; cancelled
2012-03-26 13:53:15 EDTWARNING:  worker took too long to start; cancelled
2012-03-26 13:55:15 EDTWARNING:  worker took too long to start; cancelled
2012-03-26 13:57:15 EDTWARNING:  worker took too long to start; cancelled
2012-03-26 13:58:15 EDTWARNING:  worker took too long to start; cancelled
2012-03-26 14:00:15 EDTWARNING:  worker took too long to start; cancelled
2012-03-26 14:02:15 EDTWARNING:  worker took too long to start; cancelled
2012-03-26 14:04:15 EDTWARNING:  worker took too long to start; cancelled
2012-03-26 14:06:15 EDTWARNING:  worker took too long to start; cancelled
2012-03-26 14:08:15 EDTWARNING:  worker took too long to start; cancelled
2012-03-26 14:10:15 EDTWARNING:  worker took too long to start; cancelled
2012-03-26 14:12:15 EDTWARNING:  worker took too long to start; cancelled
2012-03-26 14:14:15 EDTWARNING:  worker took too long to start; cancelled
2012-03-26 14:16:16 EDTWARNING:  worker took too long to start; cancelled
2012-03-26 14:18:16 EDTWARNING:  worker took too long to start; cancelled
2012-03-26 14:20:16 EDTWARNING:  worker took too long to start; cancelled
2012-03-26 14:22:16 EDTWARNING:  worker took too long to start; cancelled
2012-03-26 14:24:16 EDTWARNING:  worker took too long to start; cancelled
2012-03-26 14:26:16 EDTWARNING:  worker took too long to start; cancelled
2012-03-26 14:28:16 EDTWARNING:  worker took too long to start; cancelled
2012-03-26 14:30:16 EDTWARNING:  worker took too long to start; cancelled
2012-03-26 14:32:16 EDTWARNING:  worker took too long to start; cancelled
2012-03-26 14:34:16 EDTWARNING:  worker took too long to start; cancelled
2012-03-26 14:36:16 EDTWARNING:  worker took too long to start; cancelled
2012-03-26 14:38:16 EDTWARNING:  worker took too long to start; cancelled
2012-03-26 14:40:16 EDTWARNING:  worker took too long to start; cancelled
2012-03-26 14:42:16 EDTWARNING:  worker took too long to start; cancelled
2012-03-26 14:44:16 EDTWARNING:  worker took too long to start; cancelled
