120401 16:05:57 [Note] Plugin 'FEDERATED' is disabled.
InnoDB: The InnoDB memory heap is disabled
InnoDB: Mutexes and rw_locks use Windows interlocked functions
InnoDB: Compressed tables use zlib 1.2.3
120401 16:05:57  InnoDB: Initializing buffer pool, size = 16.0M
120401 16:05:57  InnoDB: Completed initialization of buffer pool
InnoDB: The first specified data file C:\xampp\mysql\data\ibdata1 did not exist:
InnoDB: a new database to be created!
120401 16:05:57  InnoDB: Setting file C:\xampp\mysql\data\ibdata1 size to 10 MB
InnoDB: Database physically writes the file full: wait...
120401 16:05:57  InnoDB: Log file C:\xampp\mysql\data\ib_logfile0 did not exist: new to be created
InnoDB: Setting log file C:\xampp\mysql\data\ib_logfile0 size to 5 MB
InnoDB: Database physically writes the file full: wait...
120401 16:05:57  InnoDB: Log file C:\xampp\mysql\data\ib_logfile1 did not exist: new to be created
InnoDB: Setting log file C:\xampp\mysql\data\ib_logfile1 size to 5 MB
InnoDB: Database physically writes the file full: wait...
InnoDB: Doublewrite buffer not found: creating new
InnoDB: Doublewrite buffer created
InnoDB: 127 rollback segment(s) active.
InnoDB: Creating foreign key constraint system tables
InnoDB: Foreign key constraint system tables created
120401 16:05:59  InnoDB: 1.1.4 started; log sequence number 0
120401 16:05:59 [Note] Event Scheduler: Loaded 0 events
120401 16:05:59 [Note] c:\xampp\mysql\bin\mysqld.exe: ready for connections.
Version: '5.5.8'  socket: ''  port: 3306  MySQL Community Server (GPL)
120401 20:41:27 [Note] c:\xampp\mysql\bin\mysqld.exe: Normal shutdown

120401 20:41:27 [Note] Event Scheduler: Purging the queue. 0 events
120401 20:41:27  InnoDB: Starting shutdown...
120401 20:41:28  InnoDB: Shutdown completed; log sequence number 1595675
120401 20:41:28 [Note] c:\xampp\mysql\bin\mysqld.exe: Shutdown complete

120401 20:43:31 [Note] Plugin 'FEDERATED' is disabled.
InnoDB: The InnoDB memory heap is disabled
InnoDB: Mutexes and rw_locks use Windows interlocked functions
InnoDB: Compressed tables use zlib 1.2.3
120401 20:43:37  InnoDB: Initializing buffer pool, size = 16.0M
120401 20:43:37  InnoDB: Completed initialization of buffer pool
120401 20:43:38  InnoDB: highest supported file format is Barracuda.
120401 20:43:47  InnoDB: 1.1.4 started; log sequence number 1595675
120401 20:43:52 [Note] Event Scheduler: Loaded 0 events
120401 20:43:52 [Note] c:\xampp\mysql\bin\mysqld.exe: ready for connections.
Version: '5.5.8'  socket: ''  port: 3306  MySQL Community Server (GPL)
120401 20:56:35 [Note] c:\xampp\mysql\bin\mysqld.exe: Normal shutdown

120401 20:56:35 [Note] Event Scheduler: Purging the queue. 0 events
120401 20:56:35  InnoDB: Starting shutdown...
120401 20:56:37  InnoDB: Shutdown completed; log sequence number 1595675
120401 20:56:37 [Note] c:\xampp\mysql\bin\mysqld.exe: Shutdown complete

120401 20:58:07 [Note] Plugin 'FEDERATED' is disabled.
InnoDB: The InnoDB memory heap is disabled
InnoDB: Mutexes and rw_locks use Windows interlocked functions
InnoDB: Compressed tables use zlib 1.2.3
120401 20:58:12  InnoDB: Initializing buffer pool, size = 16.0M
120401 20:58:12  InnoDB: Completed initialization of buffer pool
120401 20:58:13  InnoDB: highest supported file format is Barracuda.
120401 20:58:19  InnoDB: 1.1.4 started; log sequence number 1595675
120401 20:58:20 [Note] Event Scheduler: Loaded 0 events
120401 20:58:20 [Note] c:\xampp\mysql\bin\mysqld.exe: ready for connections.
Version: '5.5.8'  socket: ''  port: 3306  MySQL Community Server (GPL)
120402  3:16:56 [Note] c:\xampp\mysql\bin\mysqld.exe: Normal shutdown

120402  3:16:56 [Note] Event Scheduler: Purging the queue. 0 events
120402  3:16:56  InnoDB: Starting shutdown...
120402  3:16:57  InnoDB: Shutdown completed; log sequence number 1595675
120402  3:16:57 [Note] c:\xampp\mysql\bin\mysqld.exe: Shutdown complete

120402  3:18:47 [Note] Plugin 'FEDERATED' is disabled.
InnoDB: The InnoDB memory heap is disabled
InnoDB: Mutexes and rw_locks use Windows interlocked functions
InnoDB: Compressed tables use zlib 1.2.3
120402  3:18:53  InnoDB: Initializing buffer pool, size = 16.0M
120402  3:18:53  InnoDB: Completed initialization of buffer pool
120402  3:18:53  InnoDB: highest supported file format is Barracuda.
120402  3:19:00  InnoDB: 1.1.4 started; log sequence number 1595675
120402  3:19:01 [Note] Event Scheduler: Loaded 0 events
120402  3:19:01 [Note] c:\xampp\mysql\bin\mysqld.exe: ready for connections.
Version: '5.5.8'  socket: ''  port: 3306  MySQL Community Server (GPL)
120402 20:03:00 [Note] c:\xampp\mysql\bin\mysqld.exe: Normal shutdown

120402 20:03:00 [Note] Event Scheduler: Purging the queue. 0 events
120402 20:03:00  InnoDB: Starting shutdown...
120402 20:03:01  InnoDB: Shutdown completed; log sequence number 1595675
120402 20:03:01 [Note] c:\xampp\mysql\bin\mysqld.exe: Shutdown complete

120402 20:04:27 [Note] Plugin 'FEDERATED' is disabled.
InnoDB: The InnoDB memory heap is disabled
InnoDB: Mutexes and rw_locks use Windows interlocked functions
InnoDB: Compressed tables use zlib 1.2.3
120402 20:04:28  InnoDB: Initializing buffer pool, size = 16.0M
120402 20:04:28  InnoDB: Completed initialization of buffer pool
120402 20:04:28  InnoDB: highest supported file format is Barracuda.
120402 20:04:29  InnoDB: 1.1.4 started; log sequence number 1595675
120402 20:04:31 [Note] Event Scheduler: Loaded 0 events
120402 20:04:31 [Note] c:\xampp\mysql\bin\mysqld.exe: ready for connections.
Version: '5.5.8'  socket: ''  port: 3306  MySQL Community Server (GPL)
