

***********************************************************************
Fatal NI connect error 6413, connecting to:
 (DESCRIPTION=(CONNECT_DATA=(SERVICE_NAME=xe)(CID=(PROGRAM=C:\Program Files (x86)\Microsoft Visual Studio 12.0\Common7\IDE\devenv.exe)(HOST=HOUSE523)(USER=Kamurai)))(ADDRESS=(PROTOCOL=TCP)(HOST=127.0.0.1)(PORT=1521)))

  VERSION INFORMATION:
	TNS for 32-bit Windows: Version 10.2.0.1.0 - Production
  Time: 29-OCT-2015 12:58:44
  Tracing not turned on.


***********************************************************************
Fatal NI connect error 6413, connecting to:
 (DESCRIPTION=(CONNECT_DATA=(SERVICE_NAME=)(CID=(PROGRAM=C:\Program Files (x86)\Microsoft Visual Studio 12.0\Common7\IDE\devenv.exe)(HOST=HOUSE523)(USER=Kamurai)))(ADDRESS=(PROTOCOL=TCP)(HOST=127.0.0.1)(PORT=1521:xe)))

  VERSION INFORMATION:
	TNS for 32-bit Windows: Version 10.2.0.1.0 - Production
  Time: 29-OCT-2015 13:01:22
  Tracing not turned on.


***********************************************************************
Fatal NI connect error 6413, connecting to:
 (DESCRIPTION=(CONNECT_DATA=(SERVICE_NAME=xe)(CID=(PROGRAM=C:\Program Files (x86)\Microsoft Visual Studio 12.0\Common7\IDE\devenv.exe)(HOST=HOUSE523)(USER=Kamurai)))(ADDRESS=(PROTOCOL=TCP)(HOST=127.0.0.1)(PORT=1521)))

  VERSION INFORMATION:
	TNS for 32-bit Windows: Version 10.2.0.1.0 - Production
  Time: 29-OCT-2015 13:02:31
  Tracing not turned on.


***********************************************************************
Fatal NI connect error 6413, connecting to:
 (DESCRIPTION=(CONNECT_DATA=(SERVICE_NAME=)(CID=(PROGRAM=C:\Program Files (x86)\Microsoft Visual Studio 12.0\Common7\IDE\devenv.exe)(HOST=HOUSE523)(USER=Kamurai)))(ADDRESS=(PROTOCOL=TCP)(HOST=127.0.0.1)(PORT=1521\xe)))

  VERSION INFORMATION:
	TNS for 32-bit Windows: Version 10.2.0.1.0 - Production
  Time: 29-OCT-2015 13:02:36
  Tracing not turned on.


***********************************************************************
Fatal NI connect error 6413, connecting to:
 (DESCRIPTION=(CONNECT_DATA=(SERVICE_NAME=)(CID=(PROGRAM=C:\Program Files (x86)\Microsoft Visual Studio 12.0\Common7\IDE\devenv.exe)(HOST=HOUSE523)(USER=Kamurai)))(ADDRESS=(PROTOCOL=TCP)(HOST=127.0.0.1)(PORT=1521)))

  VERSION INFORMATION:
	TNS for 32-bit Windows: Version 10.2.0.1.0 - Production
  Time: 29-OCT-2015 13:02:41
  Tracing not turned on.


***********************************************************************
Fatal NI connect error 6413, connecting to:
 (DESCRIPTION=(CONNECT_DATA=(SERVICE_NAME=)(CID=(PROGRAM=C:\Program Files (x86)\Microsoft Visual Studio 12.0\Common7\IDE\devenv.exe)(HOST=HOUSE523)(USER=Kamurai)))(ADDRESS=(PROTOCOL=TCP)(HOST=127.0.0.1)(PORT=1521:xe:Test)))

  VERSION INFORMATION:
	TNS for 32-bit Windows: Version 10.2.0.1.0 - Production
  Time: 29-OCT-2015 13:05:19
  Tracing not turned on.


***********************************************************************
Fatal NI connect error 6413, connecting to:
 (DESCRIPTION=(CONNECT_DATA=(SERVICE_NAME=xe/Test)(CID=(PROGRAM=C:\Program Files (x86)\Microsoft Visual Studio 12.0\Common7\IDE\devenv.exe)(HOST=HOUSE523)(USER=Kamurai)))(ADDRESS=(PROTOCOL=TCP)(HOST=127.0.0.1)(PORT=1521)))

  VERSION INFORMATION:
	TNS for 32-bit Windows: Version 10.2.0.1.0 - Production
  Time: 29-OCT-2015 13:05:30
  Tracing not turned on.


***********************************************************************
Fatal NI connect error 6413, connecting to:
 (DESCRIPTION=(CONNECT_DATA=(SERVICE_NAME=)(CID=(PROGRAM=C:\Program Files (x86)\Microsoft Visual Studio 12.0\Common7\IDE\devenv.exe)(HOST=HOUSE523)(USER=Kamurai)))(ADDRESS=(PROTOCOL=TCP)(HOST=127.0.0.1)(PORT=1521\xe\Test)))

  VERSION INFORMATION:
	TNS for 32-bit Windows: Version 10.2.0.1.0 - Production
  Time: 29-OCT-2015 13:05:50
  Tracing not turned on.


***********************************************************************
Fatal NI connect error 6413, connecting to:
 (DESCRIPTION=(CONNECT_DATA=(SERVICE_NAME=Test)(CID=(PROGRAM=C:\Program Files (x86)\Microsoft Visual Studio 12.0\Common7\IDE\devenv.exe)(HOST=HOUSE523)(USER=Kamurai)))(ADDRESS=(PROTOCOL=TCP)(HOST=127.0.0.1)(PORT=1521:xe)))

  VERSION INFORMATION:
	TNS for 32-bit Windows: Version 10.2.0.1.0 - Production
  Time: 29-OCT-2015 13:12:24
  Tracing not turned on.


***********************************************************************
Fatal NI connect error 6413, connecting to:
 (DESCRIPTION=(CONNECT_DATA=(SERVICE_NAME=)(CID=(PROGRAM=C:\Program Files (x86)\Microsoft Visual Studio 12.0\Common7\IDE\devenv.exe)(HOST=HOUSE523)(USER=Kamurai)))(ADDRESS=(PROTOCOL=TCP)(HOST=127.0.0.1)(PORT=1521:xe)))

  VERSION INFORMATION:
	TNS for 32-bit Windows: Version 10.2.0.1.0 - Production
  Time: 29-OCT-2015 13:12:29
  Tracing not turned on.


***********************************************************************
Fatal NI connect error 6413, connecting to:
 (DESCRIPTION=(CONNECT_DATA=(SERVICE_NAME=)(CID=(PROGRAM=C:\Program Files (x86)\Microsoft Visual Studio 12.0\Common7\IDE\devenv.exe)(HOST=HOUSE523)(USER=Kamurai)))(ADDRESS=(PROTOCOL=TCP)(HOST=192.168.10.106)(PORT=1521))(ADDRESS=(PROTOCOL=TCP)(HOST=192.168.192.1)(PORT=1521))(ADDRESS=(PROTOCOL=TCP)(HOST=169.254.231.5)(PORT=1521)))

  VERSION INFORMATION:
	TNS for 32-bit Windows: Version 10.2.0.1.0 - Production
  Time: 29-OCT-2015 14:22:55
  Tracing not turned on.


***********************************************************************
Fatal NI connect error 6413, connecting to:
 (DESCRIPTION=(CONNECT_DATA=(SERVICE_NAME=)(CID=(PROGRAM=C:\Program Files (x86)\Microsoft Visual Studio 12.0\Common7\IDE\devenv.exe)(HOST=HOUSE523)(USER=Kamurai)))(ADDRESS=(PROTOCOL=TCP)(HOST=192.168.10.106)(PORT=1521:xe))(ADDRESS=(PROTOCOL=TCP)(HOST=192.168.192.1)(PORT=1521:xe))(ADDRESS=(PROTOCOL=TCP)(HOST=169.254.231.5)(PORT=1521:xe)))

  VERSION INFORMATION:
	TNS for 32-bit Windows: Version 10.2.0.1.0 - Production
  Time: 29-OCT-2015 14:25:22
  Tracing not turned on.


***********************************************************************
Fatal NI connect error 6413, connecting to:
 (DESCRIPTION=(CONNECT_DATA=(SERVICE_NAME=)(CID=(PROGRAM=C:\Program Files (x86)\Microsoft Visual Studio 12.0\Common7\IDE\devenv.exe)(HOST=HOUSE523)(USER=Kamurai)))(ADDRESS=(PROTOCOL=TCP)(HOST=192.168.10.106)(PORT=1521))(ADDRESS=(PROTOCOL=TCP)(HOST=192.168.192.1)(PORT=1521))(ADDRESS=(PROTOCOL=TCP)(HOST=169.254.231.5)(PORT=1521)))

  VERSION INFORMATION:
	TNS for 32-bit Windows: Version 10.2.0.1.0 - Production
  Time: 29-OCT-2015 14:25:27
  Tracing not turned on.


***********************************************************************
Fatal NI connect error 6413, connecting to:
 (DESCRIPTION=(CONNECT_DATA=(SERVICE_NAME=)(CID=(PROGRAM=C:\Program Files (x86)\Microsoft Visual Studio 12.0\Common7\IDE\devenv.exe)(HOST=HOUSE523)(USER=Kamurai)))(ADDRESS=(PROTOCOL=TCP)(HOST=192.168.10.106)(PORT=1521\xe))(ADDRESS=(PROTOCOL=TCP)(HOST=192.168.192.1)(PORT=1521\xe))(ADDRESS=(PROTOCOL=TCP)(HOST=169.254.231.5)(PORT=1521\xe)))

  VERSION INFORMATION:
	TNS for 32-bit Windows: Version 10.2.0.1.0 - Production
  Time: 29-OCT-2015 14:25:32
  Tracing not turned on.


***********************************************************************
Fatal NI connect error 6413, connecting to:
 (DESCRIPTION=(ADDRESS_LIST=(ADDRESS=(PROTOCOL=BEQ)(PROGRAM=oracle)(ARGV0=oracleXE)(ARGS='(DESCRIPTION=(LOCAL=YES)(ADDRESS=(PROTOCOL=beq)))')))(CONNECT_DATA=(SID=XE)(CID=(PROGRAM=C:\Program Files (x86)\Microsoft Visual Studio 12.0\Common7\IDE\devenv.exe)(HOST=HOUSE523)(USER=Kamurai))))

  VERSION INFORMATION:
	TNS for 32-bit Windows: Version 10.2.0.1.0 - Production
  Time: 05-NOV-2015 09:45:49
  Tracing not turned on.


***********************************************************************
Fatal NI connect error 6413, connecting to:
 (DESCRIPTION=(ADDRESS_LIST=(ADDRESS=(PROTOCOL=BEQ)(PROGRAM=oracle)(ARGV0=oracleXE)(ARGS='(DESCRIPTION=(LOCAL=YES)(ADDRESS=(PROTOCOL=beq)))')))(CONNECT_DATA=(SID=XE)(CID=(PROGRAM=C:\Program Files (x86)\Microsoft Visual Studio 12.0\Common7\IDE\devenv.exe)(HOST=HOUSE523)(USER=Kamurai))))

  VERSION INFORMATION:
	TNS for 32-bit Windows: Version 10.2.0.1.0 - Production
  Time: 05-NOV-2015 09:46:03
  Tracing not turned on.


***********************************************************************
Fatal NI connect error 6413, connecting to:
 (DESCRIPTION=(ADDRESS_LIST=(ADDRESS=(PROTOCOL=BEQ)(PROGRAM=oracle)(ARGV0=oracleXE)(ARGS='(DESCRIPTION=(LOCAL=YES)(ADDRESS=(PROTOCOL=beq)))')))(CONNECT_DATA=(SID=XE)(CID=(PROGRAM=C:\Program Files (x86)\Microsoft Visual Studio 12.0\Common7\IDE\devenv.exe)(HOST=HOUSE523)(USER=Kamurai))))

  VERSION INFORMATION:
	TNS for 32-bit Windows: Version 10.2.0.1.0 - Production
  Time: 05-NOV-2015 09:46:12
  Tracing not turned on.


***********************************************************************
Fatal NI connect error 6413, connecting to:
 (DESCRIPTION=(ADDRESS_LIST=(ADDRESS=(PROTOCOL=BEQ)(PROGRAM=oracle)(ARGV0=oracleXE)(ARGS='(DESCRIPTION=(LOCAL=YES)(ADDRESS=(PROTOCOL=beq)))')))(CONNECT_DATA=(SID=XE)(CID=(PROGRAM=C:\Program Files (x86)\Microsoft Visual Studio 12.0\Common7\IDE\devenv.exe)(HOST=HOUSE523)(USER=Kamurai))))

  VERSION INFORMATION:
	TNS for 32-bit Windows: Version 10.2.0.1.0 - Production
  Time: 05-NOV-2015 09:46:49
  Tracing not turned on.


***********************************************************************
Fatal NI connect error 6413, connecting to:
 (DESCRIPTION=(ADDRESS_LIST=(ADDRESS=(PROTOCOL=BEQ)(PROGRAM=oracle)(ARGV0=oracleXE)(ARGS='(DESCRIPTION=(LOCAL=YES)(ADDRESS=(PROTOCOL=beq)))')))(CONNECT_DATA=(SID=XE)(CID=(PROGRAM=C:\Program Files (x86)\Microsoft Visual Studio 12.0\Common7\IDE\devenv.exe)(HOST=HOUSE523)(USER=Kamurai))))

  VERSION INFORMATION:
	TNS for 32-bit Windows: Version 10.2.0.1.0 - Production
  Time: 05-NOV-2015 09:47:12
  Tracing not turned on.


***********************************************************************
Fatal NI connect error 6413, connecting to:
 (DESCRIPTION=(ADDRESS_LIST=(ADDRESS=(PROTOCOL=BEQ)(PROGRAM=oracle)(ARGV0=oracleXE)(ARGS='(DESCRIPTION=(LOCAL=YES)(ADDRESS=(PROTOCOL=beq)))')))(CONNECT_DATA=(SID=XE)(CID=(PROGRAM=C:\Program Files (x86)\Microsoft Visual Studio 12.0\Common7\IDE\devenv.exe)(HOST=HOUSE523)(USER=Kamurai))))

  VERSION INFORMATION:
	TNS for 32-bit Windows: Version 10.2.0.1.0 - Production
  Time: 05-NOV-2015 09:47:32
  Tracing not turned on.


***********************************************************************
Fatal NI connect error 6413, connecting to:
 (DESCRIPTION=(ADDRESS_LIST=(ADDRESS=(PROTOCOL=BEQ)(PROGRAM=oracle)(ARGV0=oracleXE)(ARGS='(DESCRIPTION=(LOCAL=YES)(ADDRESS=(PROTOCOL=beq)))')))(CONNECT_DATA=(SID=XE)(CID=(PROGRAM=C:\Program Files (x86)\Microsoft Visual Studio 12.0\Common7\IDE\devenv.exe)(HOST=HOUSE523)(USER=Kamurai))))

  VERSION INFORMATION:
	TNS for 32-bit Windows: Version 10.2.0.1.0 - Production
  Time: 05-NOV-2015 09:49:32
  Tracing not turned on.


***********************************************************************
Fatal NI connect error 6413, connecting to:
 (DESCRIPTION=(ADDRESS_LIST=(ADDRESS=(PROTOCOL=BEQ)(PROGRAM=oracle)(ARGV0=oracleXE)(ARGS='(DESCRIPTION=(LOCAL=YES)(ADDRESS=(PROTOCOL=beq)))')))(CONNECT_DATA=(SID=XE)(CID=(PROGRAM=C:\Program Files (x86)\Microsoft Visual Studio 12.0\Common7\IDE\devenv.exe)(HOST=HOUSE523)(USER=Kamurai))))

  VERSION INFORMATION:
	TNS for 32-bit Windows: Version 10.2.0.1.0 - Production
  Time: 05-NOV-2015 09:53:14
  Tracing not turned on.


***********************************************************************
Fatal NI connect error 6413, connecting to:
 (DESCRIPTION=(ADDRESS_LIST=(ADDRESS=(PROTOCOL=BEQ)(PROGRAM=oracle)(ARGV0=oracleXE)(ARGS='(DESCRIPTION=(LOCAL=YES)(ADDRESS=(PROTOCOL=beq)))')))(CONNECT_DATA=(SID=XE)(CID=(PROGRAM=C:\Program Files (x86)\Microsoft Visual Studio 12.0\Common7\IDE\devenv.exe)(HOST=HOUSE523)(USER=Kamurai))))

  VERSION INFORMATION:
	TNS for 32-bit Windows: Version 10.2.0.1.0 - Production
  Time: 05-NOV-2015 09:53:27
  Tracing not turned on.


***********************************************************************
Fatal NI connect error 6413, connecting to:
 (DESCRIPTION=(ADDRESS_LIST=(ADDRESS=(PROTOCOL=BEQ)(PROGRAM=oracle)(ARGV0=oracleXE)(ARGS='(DESCRIPTION=(LOCAL=YES)(ADDRESS=(PROTOCOL=beq)))')))(CONNECT_DATA=(SID=XE)(CID=(PROGRAM=C:\Program Files (x86)\Microsoft Visual Studio 12.0\Common7\IDE\devenv.exe)(HOST=HOUSE523)(USER=Kamurai))))

  VERSION INFORMATION:
	TNS for 32-bit Windows: Version 10.2.0.1.0 - Production
  Time: 05-NOV-2015 10:02:40
  Tracing not turned on.


***********************************************************************
Fatal NI connect error 6413, connecting to:
 (DESCRIPTION=(ADDRESS_LIST=(ADDRESS=(PROTOCOL=BEQ)(PROGRAM=oracle)(ARGV0=oracleXE)(ARGS='(DESCRIPTION=(LOCAL=YES)(ADDRESS=(PROTOCOL=beq)))')))(CONNECT_DATA=(SID=XE)(CID=(PROGRAM=C:\Program Files (x86)\Microsoft Visual Studio 12.0\Common7\IDE\devenv.exe)(HOST=HOUSE523)(USER=Kamurai))))

  VERSION INFORMATION:
	TNS for 32-bit Windows: Version 10.2.0.1.0 - Production
  Time: 05-NOV-2015 10:30:29
  Tracing not turned on.


***********************************************************************
Fatal NI connect error 6413, connecting to:
 (DESCRIPTION=(ADDRESS_LIST=(ADDRESS=(PROTOCOL=BEQ)(PROGRAM=oracle)(ARGV0=oracleXE)(ARGS='(DESCRIPTION=(LOCAL=YES)(ADDRESS=(PROTOCOL=beq)))')))(CONNECT_DATA=(SID=XE)(CID=(PROGRAM=C:\Program Files (x86)\Microsoft Visual Studio 12.0\Common7\IDE\devenv.exe)(HOST=HOUSE523)(USER=Kamurai))))

  VERSION INFORMATION:
	TNS for 32-bit Windows: Version 10.2.0.1.0 - Production
  Time: 05-NOV-2015 10:30:35
  Tracing not turned on.


***********************************************************************
Fatal NI connect error 6413, connecting to:
 (DESCRIPTION=(ADDRESS_LIST=(ADDRESS=(PROTOCOL=BEQ)(PROGRAM=oracle)(ARGV0=oracleXE)(ARGS='(DESCRIPTION=(LOCAL=YES)(ADDRESS=(PROTOCOL=beq)))')))(CONNECT_DATA=(SID=XE)(CID=(PROGRAM=C:\Program Files (x86)\Microsoft Visual Studio 12.0\Common7\IDE\devenv.exe)(HOST=HOUSE523)(USER=Kamurai))))

  VERSION INFORMATION:
	TNS for 32-bit Windows: Version 10.2.0.1.0 - Production
  Time: 05-NOV-2015 10:35:35
  Tracing not turned on.


***********************************************************************
Fatal NI connect error 6413, connecting to:
 (DESCRIPTION=(ADDRESS_LIST=(ADDRESS=(PROTOCOL=BEQ)(PROGRAM=oracle)(ARGV0=oracleXE)(ARGS='(DESCRIPTION=(LOCAL=YES)(ADDRESS=(PROTOCOL=beq)))')))(CONNECT_DATA=(SID=XE)(CID=(PROGRAM=C:\Program Files (x86)\Microsoft Visual Studio 12.0\Common7\IDE\devenv.exe)(HOST=HOUSE523)(USER=Kamurai))))

  VERSION INFORMATION:
	TNS for 32-bit Windows: Version 10.2.0.1.0 - Production
  Time: 05-NOV-2015 10:35:40
  Tracing not turned on.


***********************************************************************
Fatal NI connect error 6413, connecting to:
 (DESCRIPTION=(ADDRESS_LIST=(ADDRESS=(PROTOCOL=BEQ)(PROGRAM=oracle)(ARGV0=oracleXE)(ARGS='(DESCRIPTION=(LOCAL=YES)(ADDRESS=(PROTOCOL=beq)))')))(CONNECT_DATA=(SID=XE)(CID=(PROGRAM=C:\Program Files (x86)\Microsoft Visual Studio 12.0\Common7\IDE\devenv.exe)(HOST=HOUSE523)(USER=Kamurai))))

  VERSION INFORMATION:
	TNS for 32-bit Windows: Version 10.2.0.1.0 - Production
  Time: 05-NOV-2015 10:36:26
  Tracing not turned on.


***********************************************************************
Fatal NI connect error 6413, connecting to:
 (DESCRIPTION=(ADDRESS_LIST=(ADDRESS=(PROTOCOL=BEQ)(PROGRAM=oracle)(ARGV0=oracleXE)(ARGS='(DESCRIPTION=(LOCAL=YES)(ADDRESS=(PROTOCOL=beq)))')))(CONNECT_DATA=(SID=XE)(CID=(PROGRAM=C:\Program Files (x86)\Microsoft Visual Studio 12.0\Common7\IDE\devenv.exe)(HOST=HOUSE523)(USER=Kamurai))))

  VERSION INFORMATION:
	TNS for 32-bit Windows: Version 10.2.0.1.0 - Production
  Time: 05-NOV-2015 10:46:15
  Tracing not turned on.


***********************************************************************
Fatal NI connect error 6413, connecting to:
 (DESCRIPTION=(ADDRESS_LIST=(ADDRESS=(PROTOCOL=BEQ)(PROGRAM=oracle)(ARGV0=oracleXE)(ARGS='(DESCRIPTION=(LOCAL=YES)(ADDRESS=(PROTOCOL=beq)))')))(CONNECT_DATA=(SID=XE)(CID=(PROGRAM=C:\Program Files (x86)\Microsoft Visual Studio 12.0\Common7\IDE\devenv.exe)(HOST=HOUSE523)(USER=Kamurai))))

  VERSION INFORMATION:
	TNS for 32-bit Windows: Version 10.2.0.1.0 - Production
  Time: 05-NOV-2015 10:46:29
  Tracing not turned on.


***********************************************************************
Fatal NI connect error 6413, connecting to:
 (DESCRIPTION=(ADDRESS_LIST=(ADDRESS=(PROTOCOL=BEQ)(PROGRAM=oracle)(ARGV0=oracleXE)(ARGS='(DESCRIPTION=(LOCAL=YES)(ADDRESS=(PROTOCOL=beq)))')))(CONNECT_DATA=(SID=XE)(CID=(PROGRAM=C:\Program Files (x86)\Microsoft Visual Studio 12.0\Common7\IDE\devenv.exe)(HOST=HOUSE523)(USER=Kamurai))))

  VERSION INFORMATION:
	TNS for 32-bit Windows: Version 10.2.0.1.0 - Production
  Time: 05-NOV-2015 10:48:46
  Tracing not turned on.


***********************************************************************
Fatal NI connect error 6413, connecting to:
 (DESCRIPTION=(ADDRESS_LIST=(ADDRESS=(PROTOCOL=BEQ)(PROGRAM=oracle)(ARGV0=oracleXE)(ARGS='(DESCRIPTION=(LOCAL=YES)(ADDRESS=(PROTOCOL=beq)))')))(CONNECT_DATA=(SID=XE)(CID=(PROGRAM=C:\Program Files (x86)\Microsoft Visual Studio 12.0\Common7\IDE\devenv.exe)(HOST=HOUSE523)(USER=Kamurai))))

  VERSION INFORMATION:
	TNS for 32-bit Windows: Version 10.2.0.1.0 - Production
  Time: 05-NOV-2015 10:49:14
  Tracing not turned on.


***********************************************************************
Fatal NI connect error 6413, connecting to:
 (DESCRIPTION=(ADDRESS_LIST=(ADDRESS=(PROTOCOL=BEQ)(PROGRAM=oracle)(ARGV0=oracleXE)(ARGS='(DESCRIPTION=(LOCAL=YES)(ADDRESS=(PROTOCOL=beq)))')))(CONNECT_DATA=(SID=XE)(CID=(PROGRAM=C:\Program Files (x86)\Microsoft Visual Studio 12.0\Common7\IDE\devenv.exe)(HOST=HOUSE523)(USER=Kamurai))))

  VERSION INFORMATION:
	TNS for 32-bit Windows: Version 10.2.0.1.0 - Production
  Time: 05-NOV-2015 10:49:34
  Tracing not turned on.


***********************************************************************
Fatal NI connect error 6413, connecting to:
 (DESCRIPTION=(ADDRESS_LIST=(ADDRESS=(PROTOCOL=BEQ)(PROGRAM=oracle)(ARGV0=oracleXE)(ARGS='(DESCRIPTION=(LOCAL=YES)(ADDRESS=(PROTOCOL=beq)))')))(CONNECT_DATA=(SID=XE)(CID=(PROGRAM=C:\Program Files (x86)\Microsoft Visual Studio 12.0\Common7\IDE\devenv.exe)(HOST=HOUSE523)(USER=Kamurai))))

  VERSION INFORMATION:
	TNS for 32-bit Windows: Version 10.2.0.1.0 - Production
  Time: 05-NOV-2015 10:55:08
  Tracing not turned on.


***********************************************************************
Fatal NI connect error 6413, connecting to:
 (DESCRIPTION=(ADDRESS_LIST=(ADDRESS=(PROTOCOL=BEQ)(PROGRAM=oracle)(ARGV0=oracleXE)(ARGS='(DESCRIPTION=(LOCAL=YES)(ADDRESS=(PROTOCOL=beq)))')))(CONNECT_DATA=(SID=XE)(CID=(PROGRAM=C:\Program Files (x86)\Microsoft Visual Studio 12.0\Common7\IDE\devenv.exe)(HOST=HOUSE523)(USER=Kamurai))))

  VERSION INFORMATION:
	TNS for 32-bit Windows: Version 10.2.0.1.0 - Production
  Time: 05-NOV-2015 10:55:20
  Tracing not turned on.


***********************************************************************
Fatal NI connect error 6413, connecting to:
 (DESCRIPTION=(ADDRESS_LIST=(ADDRESS=(PROTOCOL=BEQ)(PROGRAM=oracle)(ARGV0=oracleXE)(ARGS='(DESCRIPTION=(LOCAL=YES)(ADDRESS=(PROTOCOL=beq)))')))(CONNECT_DATA=(SID=XE)(CID=(PROGRAM=C:\Program Files (x86)\Microsoft Visual Studio 12.0\Common7\IDE\devenv.exe)(HOST=HOUSE523)(USER=Kamurai))))

  VERSION INFORMATION:
	TNS for 32-bit Windows: Version 10.2.0.1.0 - Production
  Time: 05-NOV-2015 10:55:32
  Tracing not turned on.


***********************************************************************
Fatal NI connect error 6413, connecting to:
 (DESCRIPTION=(ADDRESS_LIST=(ADDRESS=(PROTOCOL=BEQ)(PROGRAM=oracle)(ARGV0=oracleXE)(ARGS='(DESCRIPTION=(LOCAL=YES)(ADDRESS=(PROTOCOL=beq)))')))(CONNECT_DATA=(SID=XE)(CID=(PROGRAM=C:\Program Files (x86)\Microsoft Visual Studio 12.0\Common7\IDE\devenv.exe)(HOST=HOUSE523)(USER=Kamurai))))

  VERSION INFORMATION:
	TNS for 32-bit Windows: Version 10.2.0.1.0 - Production
  Time: 05-NOV-2015 10:55:49
  Tracing not turned on.


***********************************************************************
Fatal NI connect error 6413, connecting to:
 (DESCRIPTION=(ADDRESS_LIST=(ADDRESS=(PROTOCOL=BEQ)(PROGRAM=oracle)(ARGV0=oracleXE)(ARGS='(DESCRIPTION=(LOCAL=YES)(ADDRESS=(PROTOCOL=beq)))')))(CONNECT_DATA=(SID=XE)(CID=(PROGRAM=C:\Program Files (x86)\Microsoft Visual Studio 12.0\Common7\IDE\devenv.exe)(HOST=HOUSE523)(USER=Kamurai))))

  VERSION INFORMATION:
	TNS for 32-bit Windows: Version 10.2.0.1.0 - Production
  Time: 05-NOV-2015 11:02:39
  Tracing not turned on.


***********************************************************************
Fatal NI connect error 6413, connecting to:
 (DESCRIPTION=(ADDRESS_LIST=(ADDRESS=(PROTOCOL=BEQ)(PROGRAM=oracle)(ARGV0=oracleXE)(ARGS='(DESCRIPTION=(LOCAL=YES)(ADDRESS=(PROTOCOL=beq)))')))(CONNECT_DATA=(SID=XE)(CID=(PROGRAM=C:\Program Files (x86)\Microsoft Visual Studio 12.0\Common7\IDE\devenv.exe)(HOST=HOUSE523)(USER=Kamurai))))

  VERSION INFORMATION:
	TNS for 32-bit Windows: Version 10.2.0.1.0 - Production
  Time: 05-NOV-2015 11:08:23
  Tracing not turned on.


***********************************************************************
Fatal NI connect error 6413, connecting to:
 (DESCRIPTION=(ADDRESS_LIST=(ADDRESS=(PROTOCOL=BEQ)(PROGRAM=oracle)(ARGV0=oracleXE)(ARGS='(DESCRIPTION=(LOCAL=YES)(ADDRESS=(PROTOCOL=beq)))')))(CONNECT_DATA=(SID=XE)(CID=(PROGRAM=C:\Program Files (x86)\Microsoft Visual Studio 12.0\Common7\IDE\devenv.exe)(HOST=HOUSE523)(USER=Kamurai))))

  VERSION INFORMATION:
	TNS for 32-bit Windows: Version 10.2.0.1.0 - Production
  Time: 05-NOV-2015 11:10:28
  Tracing not turned on.


***********************************************************************
Fatal NI connect error 6413, connecting to:
 (DESCRIPTION=(ADDRESS_LIST=(ADDRESS=(PROTOCOL=BEQ)(PROGRAM=oracle)(ARGV0=oracleXE)(ARGS='(DESCRIPTION=(LOCAL=YES)(ADDRESS=(PROTOCOL=beq)))')))(CONNECT_DATA=(SID=XE)(CID=(PROGRAM=C:\Program Files (x86)\Microsoft Visual Studio 12.0\Common7\IDE\devenv.exe)(HOST=HOUSE523)(USER=Kamurai))))

  VERSION INFORMATION:
	TNS for 32-bit Windows: Version 10.2.0.1.0 - Production
  Time: 05-NOV-2015 11:10:42
  Tracing not turned on.


***********************************************************************
Fatal NI connect error 6413, connecting to:
 (DESCRIPTION=(ADDRESS_LIST=(ADDRESS=(PROTOCOL=BEQ)(PROGRAM=oracle)(ARGV0=oracleXE)(ARGS='(DESCRIPTION=(LOCAL=YES)(ADDRESS=(PROTOCOL=beq)))')))(CONNECT_DATA=(SID=XE)(CID=(PROGRAM=C:\Program Files (x86)\Microsoft Visual Studio 12.0\Common7\IDE\devenv.exe)(HOST=HOUSE523)(USER=Kamurai))))

  VERSION INFORMATION:
	TNS for 32-bit Windows: Version 10.2.0.1.0 - Production
  Time: 05-NOV-2015 11:18:20
  Tracing not turned on.


***********************************************************************
Fatal NI connect error 6413, connecting to:
 (DESCRIPTION=(ADDRESS_LIST=(ADDRESS=(PROTOCOL=BEQ)(PROGRAM=oracle)(ARGV0=oracleXE)(ARGS='(DESCRIPTION=(LOCAL=YES)(ADDRESS=(PROTOCOL=beq)))')))(CONNECT_DATA=(SID=XE)(CID=(PROGRAM=C:\Program Files (x86)\Microsoft Visual Studio 12.0\Common7\IDE\devenv.exe)(HOST=HOUSE523)(USER=Kamurai))))

  VERSION INFORMATION:
	TNS for 32-bit Windows: Version 10.2.0.1.0 - Production
  Time: 05-NOV-2015 11:18:22
  Tracing not turned on.


***********************************************************************
Fatal NI connect error 6413, connecting to:
 (DESCRIPTION=(ADDRESS_LIST=(ADDRESS=(PROTOCOL=BEQ)(PROGRAM=oracle)(ARGV0=oracleXE)(ARGS='(DESCRIPTION=(LOCAL=YES)(ADDRESS=(PROTOCOL=beq)))')))(CONNECT_DATA=(SID=XE)(CID=(PROGRAM=C:\Program Files (x86)\Microsoft Visual Studio 12.0\Common7\IDE\devenv.exe)(HOST=HOUSE523)(USER=Kamurai))))

  VERSION INFORMATION:
	TNS for 32-bit Windows: Version 10.2.0.1.0 - Production
  Time: 05-NOV-2015 11:19:38
  Tracing not turned on.


***********************************************************************
Fatal NI connect error 6413, connecting to:
 (DESCRIPTION=(ADDRESS_LIST=(ADDRESS=(PROTOCOL=BEQ)(PROGRAM=oracle)(ARGV0=oracleXE)(ARGS='(DESCRIPTION=(LOCAL=YES)(ADDRESS=(PROTOCOL=beq)))')))(CONNECT_DATA=(SID=XE)(CID=(PROGRAM=C:\Program Files (x86)\Microsoft Visual Studio 12.0\Common7\IDE\devenv.exe)(HOST=HOUSE523)(USER=Kamurai))))

  VERSION INFORMATION:
	TNS for 32-bit Windows: Version 10.2.0.1.0 - Production
  Time: 05-NOV-2015 11:20:03
  Tracing not turned on.


***********************************************************************
Fatal NI connect error 6413, connecting to:
 (DESCRIPTION=(ADDRESS_LIST=(ADDRESS=(PROTOCOL=BEQ)(PROGRAM=oracle)(ARGV0=oracleXE)(ARGS='(DESCRIPTION=(LOCAL=YES)(ADDRESS=(PROTOCOL=beq)))')))(CONNECT_DATA=(SID=XE)(CID=(PROGRAM=C:\Program Files (x86)\Microsoft Visual Studio 12.0\Common7\IDE\devenv.exe)(HOST=HOUSE523)(USER=Kamurai))))

  VERSION INFORMATION:
	TNS for 32-bit Windows: Version 10.2.0.1.0 - Production
  Time: 05-NOV-2015 11:20:07
  Tracing not turned on.
