[Sun Apr 01 16:05:52 2012] [notice] Digest: generating secret for digest authentication ...
[Sun Apr 01 16:05:52 2012] [notice] Digest: done
[Sun Apr 01 16:05:53 2012] [notice] Apache/2.2.17 (Win32) mod_ssl/2.2.17 OpenSSL/0.9.8o PHP/5.3.4 mod_perl/2.0.4 Perl/v5.10.1 configured -- resuming normal operations
[Sun Apr 01 16:05:53 2012] [notice] Server built: Oct 18 2010 01:58:12
[Sun Apr 01 16:05:53 2012] [notice] Parent: Created child process 2416
Terminating on signal SIGTERM(15)
] Digest: generating secret for digest authentication ...
[Sun Apr 01 16:05:53 2012] [notice] Digest: done
[Sun Apr 01 16:05:54 2012] [notice] Child 2416: Child process is running
[Sun Apr 01 16:05:54 2012] [notice] Child 2416: Acquired the start mutex.
[Sun Apr 01 16:05:54 2012] [notice] Child 2416: Starting 150 worker threads.
[Sun Apr 01 16:05:54 2012] [notice] Child 2416: Starting thread to listen on port 443.
[Sun Apr 01 16:05:54 2012] [notice] Child 2416: Starting thread to listen on port 80.
[Sun Apr 01 18:20:40 2012] [error] [client 180.76.6.227] File does not exist: C:/xampp/htdocs/robots.txt
[Sun Apr 01 19:24:27 2012] [error] [client 216.206.180.5] PHP Notice:  Undefined index: HTTP_HOST in C:\\xampp\\htdocs\\index.php on line 7
[Sun Apr 01 19:43:59 2012] [error] [client 178.77.120.8] File does not exist: C:/xampp/htdocs/din.aspx
Terminating on signal SIGTERM(15)
[Sun Apr 01 20:44:11 2012] [warn] pid file C:/xampp/apache/logs/httpd.pid overwritten -- Unclean shutdown of previous Apache run?
[Sun Apr 01 20:44:11 2012] [notice] Digest: generating secret for digest authentication ...
[Sun Apr 01 20:44:11 2012] [notice] Digest: done
[Sun Apr 01 20:44:13 2012] [notice] Apache/2.2.17 (Win32) mod_ssl/2.2.17 OpenSSL/0.9.8o PHP/5.3.4 mod_perl/2.0.4 Perl/v5.10.1 configured -- resuming normal operations
[Sun Apr 01 20:44:13 2012] [notice] Server built: Oct 18 2010 01:58:12
[Sun Apr 01 20:44:13 2012] [notice] Parent: Created child process 2672
Terminating on signal SIGTERM(15)
] Digest: generating secret for digest authentication ...
[Sun Apr 01 20:44:14 2012] [notice] Digest: done
[Sun Apr 01 20:44:15 2012] [notice] Child 2672: Child process is running
[Sun Apr 01 20:44:15 2012] [notice] Child 2672: Acquired the start mutex.
[Sun Apr 01 20:44:15 2012] [notice] Child 2672: Starting 150 worker threads.
[Sun Apr 01 20:44:15 2012] [notice] Child 2672: Starting thread to listen on port 443.
[Sun Apr 01 20:44:15 2012] [notice] Child 2672: Starting thread to listen on port 80.
Terminating on signal SIGTERM(15)
[Sun Apr 01 20:58:47 2012] [warn] pid file C:/xampp/apache/logs/httpd.pid overwritten -- Unclean shutdown of previous Apache run?
[Sun Apr 01 20:58:47 2012] [notice] Digest: generating secret for digest authentication ...
[Sun Apr 01 20:58:47 2012] [notice] Digest: done
[Sun Apr 01 20:58:49 2012] [notice] Apache/2.2.17 (Win32) mod_ssl/2.2.17 OpenSSL/0.9.8o PHP/5.3.4 mod_perl/2.0.4 Perl/v5.10.1 configured -- resuming normal operations
[Sun Apr 01 20:58:49 2012] [notice] Server built: Oct 18 2010 01:58:12
[Sun Apr 01 20:58:49 2012] [notice] Parent: Created child process 2516
Terminating on signal SIGTERM(15)
] Digest: generating secret for digest authentication ...
[Sun Apr 01 20:58:50 2012] [notice] Digest: done
[Sun Apr 01 20:58:50 2012] [notice] Child 2516: Child process is running
[Sun Apr 01 20:58:51 2012] [notice] Child 2516: Acquired the start mutex.
[Sun Apr 01 20:58:51 2012] [notice] Child 2516: Starting 150 worker threads.
[Sun Apr 01 20:58:51 2012] [notice] Child 2516: Starting thread to listen on port 443.
[Sun Apr 01 20:58:51 2012] [notice] Child 2516: Starting thread to listen on port 80.
[Sun Apr 01 21:38:11 2012] [warn] (OS 64)The specified network name is no longer available.  : winnt_accept: Asynchronous AcceptEx failed.
[Sun Apr 01 22:57:06 2012] [error] [client 87.230.74.46] File does not exist: C:/xampp/htdocs/din.aspx
[Sun Apr 01 23:19:26 2012] [error] [client 99.2.105.58] client denied by server configuration: C:/xampp/htdocs/xampp/
[Mon Apr 02 00:02:48 2012] [error] [client 142.150.1.134] PHP Notice:  Undefined index: HTTP_HOST in C:\\xampp\\htdocs\\index.php on line 7
[Mon Apr 02 02:51:24 2012] [warn] (OS 64)The specified network name is no longer available.  : winnt_accept: Asynchronous AcceptEx failed.
Terminating on signal SIGTERM(15)
[Mon Apr 02 03:19:26 2012] [warn] pid file C:/xampp/apache/logs/httpd.pid overwritten -- Unclean shutdown of previous Apache run?
[Mon Apr 02 03:19:26 2012] [notice] Digest: generating secret for digest authentication ...
[Mon Apr 02 03:19:26 2012] [notice] Digest: done
[Mon Apr 02 03:19:28 2012] [notice] Apache/2.2.17 (Win32) mod_ssl/2.2.17 OpenSSL/0.9.8o PHP/5.3.4 mod_perl/2.0.4 Perl/v5.10.1 configured -- resuming normal operations
[Mon Apr 02 03:19:28 2012] [notice] Server built: Oct 18 2010 01:58:12
[Mon Apr 02 03:19:29 2012] [notice] Parent: Created child process 2532
Terminating on signal SIGTERM(15)
] Digest: generating secret for digest authentication ...
[Mon Apr 02 03:19:30 2012] [notice] Digest: done
[Mon Apr 02 03:19:30 2012] [notice] Child 2532: Child process is running
[Mon Apr 02 03:19:30 2012] [notice] Child 2532: Acquired the start mutex.
[Mon Apr 02 03:19:30 2012] [notice] Child 2532: Starting 150 worker threads.
[Mon Apr 02 03:19:30 2012] [notice] Child 2532: Starting thread to listen on port 443.
[Mon Apr 02 03:19:30 2012] [notice] Child 2532: Starting thread to listen on port 80.
[Mon Apr 02 04:15:43 2012] [error] [client 178.77.120.8] File does not exist: C:/xampp/htdocs/din.aspx
[Mon Apr 02 10:02:52 2012] [warn] (OS 64)The specified network name is no longer available.  : winnt_accept: Asynchronous AcceptEx failed.
[Mon Apr 02 18:58:29 2012] [error] [client 87.230.74.47] File does not exist: C:/xampp/htdocs/din.aspx
Terminating on signal SIGTERM(15)
[Mon Apr 02 20:04:50 2012] [warn] pid file C:/xampp/apache/logs/httpd.pid overwritten -- Unclean shutdown of previous Apache run?
[Mon Apr 02 20:04:50 2012] [notice] Digest: generating secret for digest authentication ...
[Mon Apr 02 20:04:50 2012] [notice] Digest: done
[Mon Apr 02 20:05:00 2012] [notice] Apache/2.2.17 (Win32) mod_ssl/2.2.17 OpenSSL/0.9.8o PHP/5.3.4 mod_perl/2.0.4 Perl/v5.10.1 configured -- resuming normal operations
[Mon Apr 02 20:05:00 2012] [notice] Server built: Oct 18 2010 01:58:12
[Mon Apr 02 20:05:01 2012] [notice] Parent: Created child process 2408
[Mon Apr 02 20:05:02 2012] [notice] Digest: generating secret for digest authentication ...
[Mon Apr 02 20:05:02 2012] [notice] Digest: done
[Mon Apr 02 20:05:03 2012] [notice] Child 2408: Child process is running
[Mon Apr 02 20:05:04 2012] [notice] Child 2408: Acquired the start mutex.
[Mon Apr 02 20:05:04 2012] [notice] Child 2408: Starting 150 worker threads.
[Mon Apr 02 20:05:04 2012] [notice] Child 2408: Starting thread to listen on port 443.
[Mon Apr 02 20:05:04 2012] [notice] Child 2408: Starting thread to listen on port 80.
[Mon Apr 02 20:10:54 2012] [error] [client 178.77.120.8] File does not exist: C:/xampp/htdocs/din.aspx
